<?xml version="1.0" encoding="UTF-8"?>
<!-- Generated by org.testng.reporters.JUnitReportReporter -->
<testsuite hostname="DESKTOP-U9U34FQ" failures="0" tests="1" name="base.charterMethods" time="24.009" errors="0" timestamp="2023-05-07T08:12:43 PDT" skipped="0">
  <testcase classname="base.charterMethods" name="LaunchPage" time="24.009"/>
  <system-out/>
</testsuite> <!-- base.charterMethods -->
